<?xml version="1.0" encoding="UTF-8"?>
<!-- Generated by org.testng.reporters.JUnitXMLReporter -->
<testsuite ignored="2" hostname="DESKTOP-HSMH7BK" failures="0" tests="1" name="HubSpot Feature Testing" time="19.038" errors="0" timestamp="06 Oct 2020 18:53:31 GMT">
  <testcase classname="com.MyTests.LoginTest" name="verifyLoginPageTitleTest" time="0.092"/>
  <testcase classname="com.MyTests.LoginTest" name="verifyLoginPageHeaderTest" time="0.0">
    <ignored/>
  </testcase> <!-- verifyLoginPageHeaderTest -->
  <testcase classname="com.MyTests.LoginTest" name="doLoginTest" time="0.0">
    <ignored/>
  </testcase> <!-- doLoginTest -->
</testsuite> <!-- HubSpot Feature Testing -->
