<?xml version="1.0" encoding="UTF-8"?>
<!-- Generated by org.testng.reporters.JUnitXMLReporter -->
<testsuite ignored="1" hostname="DESKTOP-HSMH7BK" failures="0" tests="2" name="Gillette Feature Testing" time="49.016" errors="0" timestamp="12 Oct 2020 12:56:26 GMT">
  <testcase classname="com.MyTests.LoginTest" name="verifyLoginPageTitleTest" time="0.098"/>
  <testcase classname="com.MyTests.LoginTest" name="doLoginTest" time="9.843"/>
  <testcase classname="com.MyTests.LoginTest" name="verifyLoginPageHeaderTest" time="0.0">
    <ignored/>
  </testcase> <!-- verifyLoginPageHeaderTest -->
</testsuite> <!-- Gillette Feature Testing -->
