<?xml version="1.0" encoding="UTF-8"?>
<!-- Generated by org.testng.reporters.JUnitXMLReporter -->
<testsuite ignored="1" hostname="DESKTOP-HSMH7BK" failures="0" tests="2" name="Gillette Feature Testing" time="43.832" errors="0" timestamp="19 Oct 2020 07:12:06 GMT">
  <testcase classname="com.MyTests.LoginTest" name="verifyLoginPageTitleTest" time="0.038"/>
  <testcase classname="com.MyTests.LoginTest" name="doLoginTest" time="7.422"/>
  <testcase classname="com.MyTests.LoginTest" name="verifyLoginPageHeaderTest" time="0.0">
    <ignored/>
  </testcase> <!-- verifyLoginPageHeaderTest -->
</testsuite> <!-- Gillette Feature Testing -->
